Copyright 1986-2022 Xilinx, Inc. All Rights Reserved.
------------------------------------------------------------------------------------------------------------------------------------------------------------------------------------------------------------------------
| Tool Version : Vivado v.2022.1 (win64) Build 3526262 Mon Apr 18 15:48:16 MDT 2022
| Date         : Tue Aug 23 09:40:53 2022
| Host         : V_VZJHZENG-NB4 running 64-bit major release  (build 9200)
| Command      : report_timing_summary -max_paths 10 -report_unconstrained -file flash_led_timing_summary_routed.rpt -pb flash_led_timing_summary_routed.pb -rpx flash_led_timing_summary_routed.rpx -warn_on_violation
| Design       : flash_led
| Device       : 7z010-clg400
| Speed File   : -1  PRODUCTION 1.12 2019-11-22
------------------------------------------------------------------------------------------------------------------------------------------------------------------------------------------------------------------------

Timing Summary Report

------------------------------------------------------------------------------------------------
| Timer Settings
| --------------
------------------------------------------------------------------------------------------------

  Enable Multi Corner Analysis               :  Yes
  Enable Pessimism Removal                   :  Yes
  Pessimism Removal Resolution               :  Nearest Common Node
  Enable Input Delay Default Clock           :  No
  Enable Preset / Clear Arcs                 :  No
  Disable Flight Delays                      :  No
  Ignore I/O Paths                           :  No
  Timing Early Launch at Borrowing Latches   :  No
  Borrow Time for Max Delay Exceptions       :  Yes
  Merge Timing Exceptions                    :  Yes

  Corner  Analyze    Analyze    
  Name    Max Paths  Min Paths  
  ------  ---------  ---------  
  Slow    Yes        Yes        
  Fast    Yes        Yes        


------------------------------------------------------------------------------------------------
| Report Methodology
| ------------------
------------------------------------------------------------------------------------------------

Rule       Severity          Description                  Violations  
---------  ----------------  ---------------------------  ----------  
TIMING-17  Critical Warning  Non-clocked sequential cell  28          

Note: This report is based on the most recent report_methodology run and may not be up-to-date. Run report_methodology on the current design for the latest report.



check_timing report

Table of Contents
-----------------
1. checking no_clock (28)
2. checking constant_clock (0)
3. checking pulse_width_clock (0)
4. checking unconstrained_internal_endpoints (54)
5. checking no_input_delay (1)
6. checking no_output_delay (1)
7. checking multiple_clock (0)
8. checking generated_clocks (0)
9. checking loops (0)
10. checking partial_input_delay (0)
11. checking partial_output_delay (0)
12. checking latch_loops (0)

1. checking no_clock (28)
-------------------------
 There are 28 register/latch pins with no clock driven by root clock pin: sclk (HIGH)


2. checking constant_clock (0)
------------------------------
 There are 0 register/latch pins with constant_clock.


3. checking pulse_width_clock (0)
---------------------------------
 There are 0 register/latch pins which need pulse_width check


4. checking unconstrained_internal_endpoints (54)
-------------------------------------------------
 There are 54 pins that are not constrained for maximum delay. (HIGH)

 There are 0 pins that are not constrained for maximum delay due to constant clock.


5. checking no_input_delay (1)
------------------------------
 There is 1 input port with no input delay specified. (HIGH)

 There are 0 input ports with no input delay but user has a false path constraint.


6. checking no_output_delay (1)
-------------------------------
 There is 1 port with no output delay specified. (HIGH)

 There are 0 ports with no output delay but user has a false path constraint

 There are 0 ports with no output delay but with a timing clock defined on it or propagating through it


7. checking multiple_clock (0)
------------------------------
 There are 0 register/latch pins with multiple clocks.


8. checking generated_clocks (0)
--------------------------------
 There are 0 generated clocks that are not connected to a clock source.


9. checking loops (0)
---------------------
 There are 0 combinational loops in the design.


10. checking partial_input_delay (0)
------------------------------------
 There are 0 input ports with partial input delay specified.


11. checking partial_output_delay (0)
-------------------------------------
 There are 0 ports with partial output delay specified.


12. checking latch_loops (0)
----------------------------
 There are 0 combinational latch loops in the design through latch input



------------------------------------------------------------------------------------------------
| Design Timing Summary
| ---------------------
------------------------------------------------------------------------------------------------

    WNS(ns)      TNS(ns)  TNS Failing Endpoints  TNS Total Endpoints      WHS(ns)      THS(ns)  THS Failing Endpoints  THS Total Endpoints     WPWS(ns)     TPWS(ns)  TPWS Failing Endpoints  TPWS Total Endpoints  
    -------      -------  ---------------------  -------------------      -------      -------  ---------------------  -------------------     --------     --------  ----------------------  --------------------  
        inf        0.000                      0                   55          inf        0.000                      0                   55           NA           NA                      NA                    NA  


There are no user specified timing constraints.


------------------------------------------------------------------------------------------------
| Clock Summary
| -------------
------------------------------------------------------------------------------------------------


------------------------------------------------------------------------------------------------
| Intra Clock Table
| -----------------
------------------------------------------------------------------------------------------------

Clock             WNS(ns)      TNS(ns)  TNS Failing Endpoints  TNS Total Endpoints      WHS(ns)      THS(ns)  THS Failing Endpoints  THS Total Endpoints     WPWS(ns)     TPWS(ns)  TPWS Failing Endpoints  TPWS Total Endpoints  
-----             -------      -------  ---------------------  -------------------      -------      -------  ---------------------  -------------------     --------     --------  ----------------------  --------------------  


------------------------------------------------------------------------------------------------
| Inter Clock Table
| -----------------
------------------------------------------------------------------------------------------------

From Clock    To Clock          WNS(ns)      TNS(ns)  TNS Failing Endpoints  TNS Total Endpoints      WHS(ns)      THS(ns)  THS Failing Endpoints  THS Total Endpoints  
----------    --------          -------      -------  ---------------------  -------------------      -------      -------  ---------------------  -------------------  


------------------------------------------------------------------------------------------------
| Other Path Groups Table
| -----------------------
------------------------------------------------------------------------------------------------

Path Group    From Clock    To Clock          WNS(ns)      TNS(ns)  TNS Failing Endpoints  TNS Total Endpoints      WHS(ns)      THS(ns)  THS Failing Endpoints  THS Total Endpoints  
----------    ----------    --------          -------      -------  ---------------------  -------------------      -------      -------  ---------------------  -------------------  


------------------------------------------------------------------------------------------------
| User Ignored Path Table
| -----------------------
------------------------------------------------------------------------------------------------

Path Group    From Clock    To Clock    
----------    ----------    --------    


------------------------------------------------------------------------------------------------
| Unconstrained Path Table
| ------------------------
------------------------------------------------------------------------------------------------

Path Group    From Clock    To Clock    
----------    ----------    --------    
(none)                                    


------------------------------------------------------------------------------------------------
| Timing Details
| --------------
------------------------------------------------------------------------------------------------


--------------------------------------------------------------------------------------
Path Group:  (none)
From Clock:  
  To Clock:  

Max Delay            55 Endpoints
Min Delay            55 Endpoints
--------------------------------------------------------------------------------------


Max Delay Paths
--------------------------------------------------------------------------------------
Slack:                    inf
  Source:                 led_reg/C
                            (rising edge-triggered cell FDRE)
  Destination:            led
                            (output port)
  Path Group:             (none)
  Path Type:              Max at Slow Process Corner
  Data Path Delay:        6.407ns  (logic 4.115ns (64.218%)  route 2.293ns (35.782%))
  Logic Levels:           2  (FDRE=1 OBUF=1)

    Location             Delay type                Incr(ns)  Path(ns)    Netlist Resource(s)
  -------------------------------------------------------------------    -------------------
    SLICE_X42Y64         FDRE                         0.000     0.000 r  led_reg/C
    SLICE_X42Y64         FDRE (Prop_fdre_C_Q)         0.518     0.518 r  led_reg/Q
                         net (fo=2, routed)           2.293     2.811    led_OBUF
    T12                  OBUF (Prop_obuf_I_O)         3.597     6.407 r  led_OBUF_inst/O
                         net (fo=0)                   0.000     6.407    led
    T12                                                               r  led (OUT)
  -------------------------------------------------------------------    -------------------

Slack:                    inf
  Source:                 rst_n
                            (input port)
  Destination:            div_cnt_reg[12]/R
  Path Group:             (none)
  Path Type:              Max at Slow Process Corner
  Data Path Delay:        4.024ns  (logic 1.670ns (41.497%)  route 2.354ns (58.503%))
  Logic Levels:           2  (IBUF=1 LUT6=1)

    Location             Delay type                Incr(ns)  Path(ns)    Netlist Resource(s)
  -------------------------------------------------------------------    -------------------
    M19                                               0.000     0.000 f  rst_n (IN)
                         net (fo=0)                   0.000     0.000    rst_n
    M19                  IBUF (Prop_ibuf_I_O)         1.546     1.546 f  rst_n_IBUF_inst/O
                         net (fo=3, routed)           1.695     3.241    rst_n_IBUF
    SLICE_X42Y64         LUT6 (Prop_lut6_I5_O)        0.124     3.365 r  div_cnt[0]_i_1/O
                         net (fo=26, routed)          0.660     4.024    div_cnt[0]_i_1_n_0
    SLICE_X43Y64         FDRE                                         r  div_cnt_reg[12]/R
  -------------------------------------------------------------------    -------------------

Slack:                    inf
  Source:                 rst_n
                            (input port)
  Destination:            div_cnt_reg[13]/R
  Path Group:             (none)
  Path Type:              Max at Slow Process Corner
  Data Path Delay:        4.024ns  (logic 1.670ns (41.497%)  route 2.354ns (58.503%))
  Logic Levels:           2  (IBUF=1 LUT6=1)

    Location             Delay type                Incr(ns)  Path(ns)    Netlist Resource(s)
  -------------------------------------------------------------------    -------------------
    M19                                               0.000     0.000 f  rst_n (IN)
                         net (fo=0)                   0.000     0.000    rst_n
    M19                  IBUF (Prop_ibuf_I_O)         1.546     1.546 f  rst_n_IBUF_inst/O
                         net (fo=3, routed)           1.695     3.241    rst_n_IBUF
    SLICE_X42Y64         LUT6 (Prop_lut6_I5_O)        0.124     3.365 r  div_cnt[0]_i_1/O
                         net (fo=26, routed)          0.660     4.024    div_cnt[0]_i_1_n_0
    SLICE_X43Y64         FDRE                                         r  div_cnt_reg[13]/R
  -------------------------------------------------------------------    -------------------

Slack:                    inf
  Source:                 rst_n
                            (input port)
  Destination:            div_cnt_reg[14]/R
  Path Group:             (none)
  Path Type:              Max at Slow Process Corner
  Data Path Delay:        4.024ns  (logic 1.670ns (41.497%)  route 2.354ns (58.503%))
  Logic Levels:           2  (IBUF=1 LUT6=1)

    Location             Delay type                Incr(ns)  Path(ns)    Netlist Resource(s)
  -------------------------------------------------------------------    -------------------
    M19                                               0.000     0.000 f  rst_n (IN)
                         net (fo=0)                   0.000     0.000    rst_n
    M19                  IBUF (Prop_ibuf_I_O)         1.546     1.546 f  rst_n_IBUF_inst/O
                         net (fo=3, routed)           1.695     3.241    rst_n_IBUF
    SLICE_X42Y64         LUT6 (Prop_lut6_I5_O)        0.124     3.365 r  div_cnt[0]_i_1/O
                         net (fo=26, routed)          0.660     4.024    div_cnt[0]_i_1_n_0
    SLICE_X43Y64         FDRE                                         r  div_cnt_reg[14]/R
  -------------------------------------------------------------------    -------------------

Slack:                    inf
  Source:                 rst_n
                            (input port)
  Destination:            div_cnt_reg[15]/R
  Path Group:             (none)
  Path Type:              Max at Slow Process Corner
  Data Path Delay:        4.024ns  (logic 1.670ns (41.497%)  route 2.354ns (58.503%))
  Logic Levels:           2  (IBUF=1 LUT6=1)

    Location             Delay type                Incr(ns)  Path(ns)    Netlist Resource(s)
  -------------------------------------------------------------------    -------------------
    M19                                               0.000     0.000 f  rst_n (IN)
                         net (fo=0)                   0.000     0.000    rst_n
    M19                  IBUF (Prop_ibuf_I_O)         1.546     1.546 f  rst_n_IBUF_inst/O
                         net (fo=3, routed)           1.695     3.241    rst_n_IBUF
    SLICE_X42Y64         LUT6 (Prop_lut6_I5_O)        0.124     3.365 r  div_cnt[0]_i_1/O
                         net (fo=26, routed)          0.660     4.024    div_cnt[0]_i_1_n_0
    SLICE_X43Y64         FDRE                                         r  div_cnt_reg[15]/R
  -------------------------------------------------------------------    -------------------

Slack:                    inf
  Source:                 rst_n
                            (input port)
  Destination:            div_cnt_reg[0]/R
  Path Group:             (none)
  Path Type:              Max at Slow Process Corner
  Data Path Delay:        4.017ns  (logic 1.670ns (41.571%)  route 2.347ns (58.429%))
  Logic Levels:           2  (IBUF=1 LUT6=1)

    Location             Delay type                Incr(ns)  Path(ns)    Netlist Resource(s)
  -------------------------------------------------------------------    -------------------
    M19                                               0.000     0.000 f  rst_n (IN)
                         net (fo=0)                   0.000     0.000    rst_n
    M19                  IBUF (Prop_ibuf_I_O)         1.546     1.546 f  rst_n_IBUF_inst/O
                         net (fo=3, routed)           1.695     3.241    rst_n_IBUF
    SLICE_X42Y64         LUT6 (Prop_lut6_I5_O)        0.124     3.365 r  div_cnt[0]_i_1/O
                         net (fo=26, routed)          0.653     4.017    div_cnt[0]_i_1_n_0
    SLICE_X43Y61         FDRE                                         r  div_cnt_reg[0]/R
  -------------------------------------------------------------------    -------------------

Slack:                    inf
  Source:                 rst_n
                            (input port)
  Destination:            div_cnt_reg[1]/R
  Path Group:             (none)
  Path Type:              Max at Slow Process Corner
  Data Path Delay:        4.017ns  (logic 1.670ns (41.571%)  route 2.347ns (58.429%))
  Logic Levels:           2  (IBUF=1 LUT6=1)

    Location             Delay type                Incr(ns)  Path(ns)    Netlist Resource(s)
  -------------------------------------------------------------------    -------------------
    M19                                               0.000     0.000 f  rst_n (IN)
                         net (fo=0)                   0.000     0.000    rst_n
    M19                  IBUF (Prop_ibuf_I_O)         1.546     1.546 f  rst_n_IBUF_inst/O
                         net (fo=3, routed)           1.695     3.241    rst_n_IBUF
    SLICE_X42Y64         LUT6 (Prop_lut6_I5_O)        0.124     3.365 r  div_cnt[0]_i_1/O
                         net (fo=26, routed)          0.653     4.017    div_cnt[0]_i_1_n_0
    SLICE_X43Y61         FDRE                                         r  div_cnt_reg[1]/R
  -------------------------------------------------------------------    -------------------

Slack:                    inf
  Source:                 rst_n
                            (input port)
  Destination:            div_cnt_reg[2]/R
  Path Group:             (none)
  Path Type:              Max at Slow Process Corner
  Data Path Delay:        4.017ns  (logic 1.670ns (41.571%)  route 2.347ns (58.429%))
  Logic Levels:           2  (IBUF=1 LUT6=1)

    Location             Delay type                Incr(ns)  Path(ns)    Netlist Resource(s)
  -------------------------------------------------------------------    -------------------
    M19                                               0.000     0.000 f  rst_n (IN)
                         net (fo=0)                   0.000     0.000    rst_n
    M19                  IBUF (Prop_ibuf_I_O)         1.546     1.546 f  rst_n_IBUF_inst/O
                         net (fo=3, routed)           1.695     3.241    rst_n_IBUF
    SLICE_X42Y64         LUT6 (Prop_lut6_I5_O)        0.124     3.365 r  div_cnt[0]_i_1/O
                         net (fo=26, routed)          0.653     4.017    div_cnt[0]_i_1_n_0
    SLICE_X43Y61         FDRE                                         r  div_cnt_reg[2]/R
  -------------------------------------------------------------------    -------------------

Slack:                    inf
  Source:                 rst_n
                            (input port)
  Destination:            div_cnt_reg[3]/R
  Path Group:             (none)
  Path Type:              Max at Slow Process Corner
  Data Path Delay:        4.017ns  (logic 1.670ns (41.571%)  route 2.347ns (58.429%))
  Logic Levels:           2  (IBUF=1 LUT6=1)

    Location             Delay type                Incr(ns)  Path(ns)    Netlist Resource(s)
  -------------------------------------------------------------------    -------------------
    M19                                               0.000     0.000 f  rst_n (IN)
                         net (fo=0)                   0.000     0.000    rst_n
    M19                  IBUF (Prop_ibuf_I_O)         1.546     1.546 f  rst_n_IBUF_inst/O
                         net (fo=3, routed)           1.695     3.241    rst_n_IBUF
    SLICE_X42Y64         LUT6 (Prop_lut6_I5_O)        0.124     3.365 r  div_cnt[0]_i_1/O
                         net (fo=26, routed)          0.653     4.017    div_cnt[0]_i_1_n_0
    SLICE_X43Y61         FDRE                                         r  div_cnt_reg[3]/R
  -------------------------------------------------------------------    -------------------

Slack:                    inf
  Source:                 rst_n
                            (input port)
  Destination:            div_cnt_reg[24]/R
  Path Group:             (none)
  Path Type:              Max at Slow Process Corner
  Data Path Delay:        4.012ns  (logic 1.670ns (41.621%)  route 2.342ns (58.379%))
  Logic Levels:           2  (IBUF=1 LUT6=1)

    Location             Delay type                Incr(ns)  Path(ns)    Netlist Resource(s)
  -------------------------------------------------------------------    -------------------
    M19                                               0.000     0.000 f  rst_n (IN)
                         net (fo=0)                   0.000     0.000    rst_n
    M19                  IBUF (Prop_ibuf_I_O)         1.546     1.546 f  rst_n_IBUF_inst/O
                         net (fo=3, routed)           1.695     3.241    rst_n_IBUF
    SLICE_X42Y64         LUT6 (Prop_lut6_I5_O)        0.124     3.365 r  div_cnt[0]_i_1/O
                         net (fo=26, routed)          0.648     4.012    div_cnt[0]_i_1_n_0
    SLICE_X43Y67         FDRE                                         r  div_cnt_reg[24]/R
  -------------------------------------------------------------------    -------------------





Min Delay Paths
--------------------------------------------------------------------------------------
Slack:                    inf
  Source:                 div_cnt_reg[11]/C
                            (rising edge-triggered cell FDRE)
  Destination:            div_cnt_reg[11]/D
  Path Group:             (none)
  Path Type:              Min at Fast Process Corner
  Data Path Delay:        0.366ns  (logic 0.249ns (67.994%)  route 0.117ns (32.006%))
  Logic Levels:           2  (CARRY4=1 FDRE=1)

    Location             Delay type                Incr(ns)  Path(ns)    Netlist Resource(s)
  -------------------------------------------------------------------    -------------------
    SLICE_X43Y63         FDRE                         0.000     0.000 r  div_cnt_reg[11]/C
    SLICE_X43Y63         FDRE (Prop_fdre_C_Q)         0.141     0.141 r  div_cnt_reg[11]/Q
                         net (fo=2, routed)           0.117     0.258    div_cnt_reg[11]
    SLICE_X43Y63         CARRY4 (Prop_carry4_S[3]_O[3])
                                                      0.108     0.366 r  div_cnt_reg[8]_i_1/O[3]
                         net (fo=1, routed)           0.000     0.366    div_cnt_reg[8]_i_1_n_4
    SLICE_X43Y63         FDRE                                         r  div_cnt_reg[11]/D
  -------------------------------------------------------------------    -------------------

Slack:                    inf
  Source:                 div_cnt_reg[19]/C
                            (rising edge-triggered cell FDRE)
  Destination:            div_cnt_reg[19]/D
  Path Group:             (none)
  Path Type:              Min at Fast Process Corner
  Data Path Delay:        0.366ns  (logic 0.249ns (67.994%)  route 0.117ns (32.006%))
  Logic Levels:           2  (CARRY4=1 FDRE=1)

    Location             Delay type                Incr(ns)  Path(ns)    Netlist Resource(s)
  -------------------------------------------------------------------    -------------------
    SLICE_X43Y65         FDRE                         0.000     0.000 r  div_cnt_reg[19]/C
    SLICE_X43Y65         FDRE (Prop_fdre_C_Q)         0.141     0.141 r  div_cnt_reg[19]/Q
                         net (fo=2, routed)           0.117     0.258    div_cnt_reg[19]
    SLICE_X43Y65         CARRY4 (Prop_carry4_S[3]_O[3])
                                                      0.108     0.366 r  div_cnt_reg[16]_i_1/O[3]
                         net (fo=1, routed)           0.000     0.366    div_cnt_reg[16]_i_1_n_4
    SLICE_X43Y65         FDRE                                         r  div_cnt_reg[19]/D
  -------------------------------------------------------------------    -------------------

Slack:                    inf
  Source:                 div_cnt_reg[23]/C
                            (rising edge-triggered cell FDRE)
  Destination:            div_cnt_reg[23]/D
  Path Group:             (none)
  Path Type:              Min at Fast Process Corner
  Data Path Delay:        0.366ns  (logic 0.249ns (67.994%)  route 0.117ns (32.006%))
  Logic Levels:           2  (CARRY4=1 FDRE=1)

    Location             Delay type                Incr(ns)  Path(ns)    Netlist Resource(s)
  -------------------------------------------------------------------    -------------------
    SLICE_X43Y66         FDRE                         0.000     0.000 r  div_cnt_reg[23]/C
    SLICE_X43Y66         FDRE (Prop_fdre_C_Q)         0.141     0.141 r  div_cnt_reg[23]/Q
                         net (fo=2, routed)           0.117     0.258    div_cnt_reg[23]
    SLICE_X43Y66         CARRY4 (Prop_carry4_S[3]_O[3])
                                                      0.108     0.366 r  div_cnt_reg[20]_i_1/O[3]
                         net (fo=1, routed)           0.000     0.366    div_cnt_reg[20]_i_1_n_4
    SLICE_X43Y66         FDRE                                         r  div_cnt_reg[23]/D
  -------------------------------------------------------------------    -------------------

Slack:                    inf
  Source:                 div_cnt_reg[7]/C
                            (rising edge-triggered cell FDRE)
  Destination:            div_cnt_reg[7]/D
  Path Group:             (none)
  Path Type:              Min at Fast Process Corner
  Data Path Delay:        0.366ns  (logic 0.249ns (67.994%)  route 0.117ns (32.006%))
  Logic Levels:           2  (CARRY4=1 FDRE=1)

    Location             Delay type                Incr(ns)  Path(ns)    Netlist Resource(s)
  -------------------------------------------------------------------    -------------------
    SLICE_X43Y62         FDRE                         0.000     0.000 r  div_cnt_reg[7]/C
    SLICE_X43Y62         FDRE (Prop_fdre_C_Q)         0.141     0.141 r  div_cnt_reg[7]/Q
                         net (fo=2, routed)           0.117     0.258    div_cnt_reg[7]
    SLICE_X43Y62         CARRY4 (Prop_carry4_S[3]_O[3])
                                                      0.108     0.366 r  div_cnt_reg[4]_i_1/O[3]
                         net (fo=1, routed)           0.000     0.366    div_cnt_reg[4]_i_1_n_4
    SLICE_X43Y62         FDRE                                         r  div_cnt_reg[7]/D
  -------------------------------------------------------------------    -------------------

Slack:                    inf
  Source:                 div_cnt_reg[15]/C
                            (rising edge-triggered cell FDRE)
  Destination:            div_cnt_reg[15]/D
  Path Group:             (none)
  Path Type:              Min at Fast Process Corner
  Data Path Delay:        0.369ns  (logic 0.249ns (67.424%)  route 0.120ns (32.576%))
  Logic Levels:           2  (CARRY4=1 FDRE=1)

    Location             Delay type                Incr(ns)  Path(ns)    Netlist Resource(s)
  -------------------------------------------------------------------    -------------------
    SLICE_X43Y64         FDRE                         0.000     0.000 r  div_cnt_reg[15]/C
    SLICE_X43Y64         FDRE (Prop_fdre_C_Q)         0.141     0.141 r  div_cnt_reg[15]/Q
                         net (fo=2, routed)           0.120     0.261    div_cnt_reg[15]
    SLICE_X43Y64         CARRY4 (Prop_carry4_S[3]_O[3])
                                                      0.108     0.369 r  div_cnt_reg[12]_i_1/O[3]
                         net (fo=1, routed)           0.000     0.369    div_cnt_reg[12]_i_1_n_4
    SLICE_X43Y64         FDRE                                         r  div_cnt_reg[15]/D
  -------------------------------------------------------------------    -------------------

Slack:                    inf
  Source:                 div_cnt_reg[3]/C
                            (rising edge-triggered cell FDRE)
  Destination:            div_cnt_reg[3]/D
  Path Group:             (none)
  Path Type:              Min at Fast Process Corner
  Data Path Delay:        0.369ns  (logic 0.249ns (67.424%)  route 0.120ns (32.576%))
  Logic Levels:           2  (CARRY4=1 FDRE=1)

    Location             Delay type                Incr(ns)  Path(ns)    Netlist Resource(s)
  -------------------------------------------------------------------    -------------------
    SLICE_X43Y61         FDRE                         0.000     0.000 r  div_cnt_reg[3]/C
    SLICE_X43Y61         FDRE (Prop_fdre_C_Q)         0.141     0.141 r  div_cnt_reg[3]/Q
                         net (fo=2, routed)           0.120     0.261    div_cnt_reg[3]
    SLICE_X43Y61         CARRY4 (Prop_carry4_S[3]_O[3])
                                                      0.108     0.369 r  div_cnt_reg[0]_i_2/O[3]
                         net (fo=1, routed)           0.000     0.369    div_cnt_reg[0]_i_2_n_4
    SLICE_X43Y61         FDRE                                         r  div_cnt_reg[3]/D
  -------------------------------------------------------------------    -------------------

Slack:                    inf
  Source:                 div_cnt_reg[16]/C
                            (rising edge-triggered cell FDRE)
  Destination:            div_cnt_reg[16]/D
  Path Group:             (none)
  Path Type:              Min at Fast Process Corner
  Data Path Delay:        0.372ns  (logic 0.256ns (68.766%)  route 0.116ns (31.234%))
  Logic Levels:           2  (CARRY4=1 FDRE=1)

    Location             Delay type                Incr(ns)  Path(ns)    Netlist Resource(s)
  -------------------------------------------------------------------    -------------------
    SLICE_X43Y65         FDRE                         0.000     0.000 r  div_cnt_reg[16]/C
    SLICE_X43Y65         FDRE (Prop_fdre_C_Q)         0.141     0.141 r  div_cnt_reg[16]/Q
                         net (fo=2, routed)           0.116     0.257    div_cnt_reg[16]
    SLICE_X43Y65         CARRY4 (Prop_carry4_S[0]_O[0])
                                                      0.115     0.372 r  div_cnt_reg[16]_i_1/O[0]
                         net (fo=1, routed)           0.000     0.372    div_cnt_reg[16]_i_1_n_7
    SLICE_X43Y65         FDRE                                         r  div_cnt_reg[16]/D
  -------------------------------------------------------------------    -------------------

Slack:                    inf
  Source:                 div_cnt_reg[20]/C
                            (rising edge-triggered cell FDRE)
  Destination:            div_cnt_reg[20]/D
  Path Group:             (none)
  Path Type:              Min at Fast Process Corner
  Data Path Delay:        0.372ns  (logic 0.256ns (68.766%)  route 0.116ns (31.234%))
  Logic Levels:           2  (CARRY4=1 FDRE=1)

    Location             Delay type                Incr(ns)  Path(ns)    Netlist Resource(s)
  -------------------------------------------------------------------    -------------------
    SLICE_X43Y66         FDRE                         0.000     0.000 r  div_cnt_reg[20]/C
    SLICE_X43Y66         FDRE (Prop_fdre_C_Q)         0.141     0.141 r  div_cnt_reg[20]/Q
                         net (fo=2, routed)           0.116     0.257    div_cnt_reg[20]
    SLICE_X43Y66         CARRY4 (Prop_carry4_S[0]_O[0])
                                                      0.115     0.372 r  div_cnt_reg[20]_i_1/O[0]
                         net (fo=1, routed)           0.000     0.372    div_cnt_reg[20]_i_1_n_7
    SLICE_X43Y66         FDRE                                         r  div_cnt_reg[20]/D
  -------------------------------------------------------------------    -------------------

Slack:                    inf
  Source:                 div_cnt_reg[4]/C
                            (rising edge-triggered cell FDRE)
  Destination:            div_cnt_reg[4]/D
  Path Group:             (none)
  Path Type:              Min at Fast Process Corner
  Data Path Delay:        0.372ns  (logic 0.256ns (68.766%)  route 0.116ns (31.234%))
  Logic Levels:           2  (CARRY4=1 FDRE=1)

    Location             Delay type                Incr(ns)  Path(ns)    Netlist Resource(s)
  -------------------------------------------------------------------    -------------------
    SLICE_X43Y62         FDRE                         0.000     0.000 r  div_cnt_reg[4]/C
    SLICE_X43Y62         FDRE (Prop_fdre_C_Q)         0.141     0.141 r  div_cnt_reg[4]/Q
                         net (fo=2, routed)           0.116     0.257    div_cnt_reg[4]
    SLICE_X43Y62         CARRY4 (Prop_carry4_S[0]_O[0])
                                                      0.115     0.372 r  div_cnt_reg[4]_i_1/O[0]
                         net (fo=1, routed)           0.000     0.372    div_cnt_reg[4]_i_1_n_7
    SLICE_X43Y62         FDRE                                         r  div_cnt_reg[4]/D
  -------------------------------------------------------------------    -------------------

Slack:                    inf
  Source:                 div_cnt_reg[8]/C
                            (rising edge-triggered cell FDRE)
  Destination:            div_cnt_reg[8]/D
  Path Group:             (none)
  Path Type:              Min at Fast Process Corner
  Data Path Delay:        0.372ns  (logic 0.256ns (68.766%)  route 0.116ns (31.234%))
  Logic Levels:           2  (CARRY4=1 FDRE=1)

    Location             Delay type                Incr(ns)  Path(ns)    Netlist Resource(s)
  -------------------------------------------------------------------    -------------------
    SLICE_X43Y63         FDRE                         0.000     0.000 r  div_cnt_reg[8]/C
    SLICE_X43Y63         FDRE (Prop_fdre_C_Q)         0.141     0.141 r  div_cnt_reg[8]/Q
                         net (fo=2, routed)           0.116     0.257    div_cnt_reg[8]
    SLICE_X43Y63         CARRY4 (Prop_carry4_S[0]_O[0])
                                                      0.115     0.372 r  div_cnt_reg[8]_i_1/O[0]
                         net (fo=1, routed)           0.000     0.372    div_cnt_reg[8]_i_1_n_7
    SLICE_X43Y63         FDRE                                         r  div_cnt_reg[8]/D
  -------------------------------------------------------------------    -------------------





